生成启动时间为 2016/10/10 星期一 上午 9:57:14。
     1>项目“D:\vs2010Pro\cracker_find\cracker_find\cracker_find\cracker_find.vcxproj”在节点 2 上(build 个目标)。
     1>InitializeBuildStatus:
         正在创建“Debug\cracker_find.unsuccessfulbuild”，因为已指定“AlwaysCreate”。
       ClCompile:
         所有输出均为最新。
         d:\Microsoft Visual Studio 10.0\VC\bin\CL.exe /c /ZI /nologo /W3 /WX- /Od /Oy- /D WIN32 /D _DEBUG /D _CONSOLE /D _UNICODE /D UNICODE /Gm /EHsc /RTC1 /MDd /GS /fp:precise /Zc:wchar_t /Zc:forScope /Yu"StdAfx.h" /Fp"Debug\cracker_find.pch" /Fo"Debug\\" /Fd"Debug\vc100.pdb" /Gd /TP /analyze- /errorReport:prompt cracker_find.cpp
         cracker_find.cpp
       Link:
         d:\Microsoft Visual Studio 10.0\VC\bin\link.exe /ERRORREPORT:PROMPT /OUT:"D:\vs2010Pro\cracker_find\cracker_find\Debug\cracker_find.exe" /INCREMENTAL /NOLOGO opencv_calib3d2410d.lib opencv_contrib2410d.lib opencv_core2410d.lib opencv_features2d2410d.lib opencv_flann2410d.lib opencv_gpu2410d.lib opencv_highgui2410d.lib opencv_imgproc2410d.lib opencv_legacy2410d.lib opencv_ml2410d.lib opencv_objdetect2410d.lib opencv_ts2410d.lib opencv_video2410d.lib opencv_calib3d2410.lib opencv_contrib2410.lib opencv_core2410.lib opencv_features2d2410.lib opencv_flann2410.lib opencv_gpu2410.lib opencv_highgui2410.lib opencv_imgproc2410.lib opencv_legacy2410.lib opencv_ml2410.lib opencv_objdetect2410.lib opencv_ts2410.lib opencv_video2410.lib kernel32.lib user32.lib gdi32.lib winspool.lib comdlg32.lib advapi32.lib shell32.lib ole32.lib oleaut32.lib uuid.lib odbc32.lib odbccp32.lib /MANIFEST /ManifestFile:"Debug\cracker_find.exe.intermediate.manifest" /MANIFESTUAC:"level='asInvoker' uiAccess='false'" /DEBUG /PDB:"D:\vs2010Pro\cracker_find\cracker_find\Debug\cracker_find.pdb" /SUBSYSTEM:CONSOLE /TLBID:1 /DYNAMICBASE /NXCOMPAT /IMPLIB:"D:\vs2010Pro\cracker_find\cracker_find\Debug\cracker_find.lib" /MACHINE:X86 Debug\cracker_find.obj
         Debug\stdafx.obj
         cracker_find.vcxproj -> D:\vs2010Pro\cracker_find\cracker_find\Debug\cracker_find.exe
       Manifest:
         C:\Program Files (x86)\Microsoft SDKs\Windows\v7.0A\bin\mt.exe /nologo /verbose /out:"D:\vs2010Pro\cracker_find\cracker_find\Debug\cracker_find.exe.manifest" /manifest Debug\cracker_find.exe.intermediate.manifest
       FinalizeBuildStatus:
         正在删除文件“Debug\cracker_find.unsuccessfulbuild”。
         正在对“Debug\cracker_find.lastbuildstate”执行 Touch 任务。
     1>已完成生成项目“D:\vs2010Pro\cracker_find\cracker_find\cracker_find\cracker_find.vcxproj”(build 个目标)的操作。

生成成功。

已用时间 00:00:01.21
